<?xml version="1.0" encoding="UTF-8"?>
<!-- Generated by org.testng.reporters.JUnitReportReporter -->
<testsuite hostname="Chantosh" failures="0" tests="11" name="com.sgtesting.Assignments.Testng.LoginLogoutCreateDeleteCustomerProject" time="57.653" errors="0" timestamp="2022-04-24T23:13:52 IST" skipped="0">
  <testcase classname="com.sgtesting.Assignments.Testng.LoginLogoutCreateDeleteCustomerProject" name="LanchBrowser" time="2.041"/>
  <system-out/>
  <testcase classname="com.sgtesting.Assignments.Testng.LoginLogoutCreateDeleteCustomerProject" name="navigate" time="3.560"/>
  <system-out/>
  <testcase classname="com.sgtesting.Assignments.Testng.LoginLogoutCreateDeleteCustomerProject" name="login" time="6.167"/>
  <system-out/>
  <testcase classname="com.sgtesting.Assignments.Testng.LoginLogoutCreateDeleteCustomerProject" name="Minimise" time="2.172"/>
  <system-out/>
  <testcase classname="com.sgtesting.Assignments.Testng.LoginLogoutCreateDeleteCustomerProject" name="ClickTask" time="2.388"/>
  <system-out/>
  <testcase classname="com.sgtesting.Assignments.Testng.LoginLogoutCreateDeleteCustomerProject" name="AddCustomer" time="2.168"/>
  <system-out/>
  <testcase classname="com.sgtesting.Assignments.Testng.LoginLogoutCreateDeleteCustomerProject" name="fillCoustomer" time="2.183"/>
  <system-out/>
  <testcase classname="com.sgtesting.Assignments.Testng.LoginLogoutCreateDeleteCustomerProject" name="Createprj" time="10.409"/>
  <system-out/>
  <testcase classname="com.sgtesting.Assignments.Testng.LoginLogoutCreateDeleteCustomerProject" name="DeleteCustomerandProject" time="21.178"/>
  <system-out/>
  <testcase classname="com.sgtesting.Assignments.Testng.LoginLogoutCreateDeleteCustomerProject" name="logout" time="5.264"/>
  <system-out/>
  <testcase classname="com.sgtesting.Assignments.Testng.LoginLogoutCreateDeleteCustomerProject" name="closeapplication" time="0.123"/>
  <system-out/>
</testsuite> <!-- com.sgtesting.Assignments.Testng.LoginLogoutCreateDeleteCustomerProject -->
