<?xml version="1.0" encoding="UTF-8"?>
<!-- Generated by org.testng.reporters.JUnitReportReporter -->
<testsuite hostname="Chantosh" failures="0" tests="10" name="com.sgtesting.Assignments.Testng.LoginLogoutCreateCustomer" time="43.541" errors="0" timestamp="2022-04-24T23:36:54 IST" skipped="0">
  <testcase classname="com.sgtesting.Assignments.Testng.LoginLogoutCreateCustomer" name="LanchBrowser" time="1.172"/>
  <system-out/>
  <testcase classname="com.sgtesting.Assignments.Testng.LoginLogoutCreateCustomer" name="navigate" time="3.606"/>
  <system-out/>
  <testcase classname="com.sgtesting.Assignments.Testng.LoginLogoutCreateCustomer" name="login" time="6.226"/>
  <system-out/>
  <testcase classname="com.sgtesting.Assignments.Testng.LoginLogoutCreateCustomer" name="Minimise" time="2.203"/>
  <system-out/>
  <testcase classname="com.sgtesting.Assignments.Testng.LoginLogoutCreateCustomer" name="ClickTask" time="2.377"/>
  <system-out/>
  <testcase classname="com.sgtesting.Assignments.Testng.LoginLogoutCreateCustomer" name="AddCustomer" time="2.264"/>
  <system-out/>
  <testcase classname="com.sgtesting.Assignments.Testng.LoginLogoutCreateCustomer" name="fillCoustomer" time="2.242"/>
  <system-out/>
  <testcase classname="com.sgtesting.Assignments.Testng.LoginLogoutCreateCustomer" name="Costmer" time="17.997"/>
  <system-out/>
  <testcase classname="com.sgtesting.Assignments.Testng.LoginLogoutCreateCustomer" name="logout" time="5.265"/>
  <system-out/>
  <testcase classname="com.sgtesting.Assignments.Testng.LoginLogoutCreateCustomer" name="closeapplication" time="0.189"/>
  <system-out/>
</testsuite> <!-- com.sgtesting.Assignments.Testng.LoginLogoutCreateCustomer -->
