<?xml version="1.0" encoding="UTF-8"?>
<!-- Generated by org.testng.reporters.JUnitReportReporter -->
<testsuite hostname="Chantosh" failures="0" tests="12" name="com.sgtesting.Assignments.Testng.LoginLogoutCreateModifyDeleteCustomerProjectTask" time="73.480" errors="0" timestamp="2022-04-24T23:51:59 IST" skipped="0">
  <testcase classname="com.sgtesting.Assignments.Testng.LoginLogoutCreateModifyDeleteCustomerProjectTask" name="LanchBrowser" time="2.251"/>
  <system-out/>
  <testcase classname="com.sgtesting.Assignments.Testng.LoginLogoutCreateModifyDeleteCustomerProjectTask" name="navigate" time="3.592"/>
  <system-out/>
  <testcase classname="com.sgtesting.Assignments.Testng.LoginLogoutCreateModifyDeleteCustomerProjectTask" name="login" time="6.390"/>
  <system-out/>
  <testcase classname="com.sgtesting.Assignments.Testng.LoginLogoutCreateModifyDeleteCustomerProjectTask" name="Minimise" time="1.392"/>
  <system-out/>
  <testcase classname="com.sgtesting.Assignments.Testng.LoginLogoutCreateModifyDeleteCustomerProjectTask" name="ClickTask" time="2.639"/>
  <system-out/>
  <testcase classname="com.sgtesting.Assignments.Testng.LoginLogoutCreateModifyDeleteCustomerProjectTask" name="AddCustomer" time="2.282"/>
  <system-out/>
  <testcase classname="com.sgtesting.Assignments.Testng.LoginLogoutCreateModifyDeleteCustomerProjectTask" name="fillCoustomer" time="2.101"/>
  <system-out/>
  <testcase classname="com.sgtesting.Assignments.Testng.LoginLogoutCreateModifyDeleteCustomerProjectTask" name="Createprj" time="10.280"/>
  <system-out/>
  <testcase classname="com.sgtesting.Assignments.Testng.LoginLogoutCreateModifyDeleteCustomerProjectTask" name="CreateTask" time="6.523"/>
  <system-out/>
  <testcase classname="com.sgtesting.Assignments.Testng.LoginLogoutCreateModifyDeleteCustomerProjectTask" name="DeleteCustomerandProjectTask" time="30.640"/>
  <system-out/>
  <testcase classname="com.sgtesting.Assignments.Testng.LoginLogoutCreateModifyDeleteCustomerProjectTask" name="logout" time="5.254"/>
  <system-out/>
  <testcase classname="com.sgtesting.Assignments.Testng.LoginLogoutCreateModifyDeleteCustomerProjectTask" name="closeapplication" time="0.136"/>
  <system-out/>
</testsuite> <!-- com.sgtesting.Assignments.Testng.LoginLogoutCreateModifyDeleteCustomerProjectTask -->
