<?xml version="1.0" encoding="UTF-8"?>
<!-- Generated by org.testng.reporters.JUnitReportReporter -->
<testsuite hostname="Chantosh" failures="0" tests="10" name="com.sgtesting.Assignments.Testng.LoginLogoutCreateModifyCustomer" time="50.381" errors="0" timestamp="2022-04-24T23:36:54 IST" skipped="0">
  <testcase classname="com.sgtesting.Assignments.Testng.LoginLogoutCreateModifyCustomer" name="LanchBrowser" time="1.318"/>
  <system-out/>
  <testcase classname="com.sgtesting.Assignments.Testng.LoginLogoutCreateModifyCustomer" name="navigate" time="3.551"/>
  <system-out/>
  <testcase classname="com.sgtesting.Assignments.Testng.LoginLogoutCreateModifyCustomer" name="login" time="6.144"/>
  <system-out/>
  <testcase classname="com.sgtesting.Assignments.Testng.LoginLogoutCreateModifyCustomer" name="Minimise" time="2.120"/>
  <system-out/>
  <testcase classname="com.sgtesting.Assignments.Testng.LoginLogoutCreateModifyCustomer" name="ClickTask" time="2.346"/>
  <system-out/>
  <testcase classname="com.sgtesting.Assignments.Testng.LoginLogoutCreateModifyCustomer" name="AddCustomer" time="2.135"/>
  <system-out/>
  <testcase classname="com.sgtesting.Assignments.Testng.LoginLogoutCreateModifyCustomer" name="fillCoustomer" time="2.180"/>
  <system-out/>
  <testcase classname="com.sgtesting.Assignments.Testng.LoginLogoutCreateModifyCustomer" name="ModifydeleteCustomer" time="25.170"/>
  <system-out/>
  <testcase classname="com.sgtesting.Assignments.Testng.LoginLogoutCreateModifyCustomer" name="logout" time="5.278"/>
  <system-out/>
  <testcase classname="com.sgtesting.Assignments.Testng.LoginLogoutCreateModifyCustomer" name="closeapplication" time="0.139"/>
  <system-out/>
</testsuite> <!-- com.sgtesting.Assignments.Testng.LoginLogoutCreateModifyCustomer -->
