<?xml version="1.0" encoding="UTF-8"?>
<!-- Generated by org.testng.reporters.JUnitReportReporter -->
<testsuite hostname="Chantosh" failures="0" tests="4" name="com.sgtesting.Assignments.Testng.LoginLogoutClose" time="15.267" errors="0" timestamp="2022-05-06T11:37:53 IST" skipped="0">
  <testcase classname="com.sgtesting.Assignments.Testng.LoginLogoutClose" name="LanchBrowser" time="1.937"/>
  <system-out/>
  <testcase classname="com.sgtesting.Assignments.Testng.LoginLogoutClose" name="Navigate" time="4.608"/>
  <system-out/>
  <testcase classname="com.sgtesting.Assignments.Testng.LoginLogoutClose" name="loginLogout" time="8.580"/>
  <system-out/>
  <testcase classname="com.sgtesting.Assignments.Testng.LoginLogoutClose" name="CloseApplication" time="0.142"/>
  <system-out/>
</testsuite> <!-- com.sgtesting.Assignments.Testng.LoginLogoutClose -->
