<?xml version="1.0" encoding="UTF-8"?>
<!-- Generated by org.testng.reporters.JUnitReportReporter -->
<testsuite hostname="Chantosh" failures="0" tests="6" name="com.sgtesting.Assignments.Testng.p.LoginLogoutClose" time="40.471" errors="0" timestamp="2022-04-29T10:57:11 IST" skipped="0">
  <testcase classname="com.sgtesting.Assignments.Testng.p.LoginLogoutClose" name="LanchBrowser" time="2.362"/>
  <system-out/>
  <testcase classname="com.sgtesting.Assignments.Testng.p.LoginLogoutClose" name="Navigate" time="4.949"/>
  <system-out/>
  <testcase classname="com.sgtesting.Assignments.Testng.p.LoginLogoutClose" name="loginLogout" time="8.396"/>
  <system-out/>
  <testcase classname="com.sgtesting.Assignments.Testng.p.LoginLogoutClose" name="loginLogout" time="8.423"/>
  <system-out/>
  <testcase classname="com.sgtesting.Assignments.Testng.p.LoginLogoutClose" name="loginLogout" time="16.274"/>
  <system-out/>
  <testcase classname="com.sgtesting.Assignments.Testng.p.LoginLogoutClose" name="CloseApplication" time="0.067"/>
  <system-out/>
</testsuite> <!-- com.sgtesting.Assignments.Testng.p.LoginLogoutClose -->
