<?xml version="1.0" encoding="UTF-8"?>
<!-- Generated by org.testng.reporters.JUnitReportReporter -->
<testsuite hostname="Chantosh" failures="0" tests="12" name="com.sgtesting.Assignments.Testng.LoginLogoutCreateModifyDeleteCustomerProject" time="63.309" errors="0" timestamp="2022-04-24T23:36:54 IST" skipped="0">
  <testcase classname="com.sgtesting.Assignments.Testng.LoginLogoutCreateModifyDeleteCustomerProject" name="LanchBrowser" time="1.257"/>
  <system-out/>
  <testcase classname="com.sgtesting.Assignments.Testng.LoginLogoutCreateModifyDeleteCustomerProject" name="navigate" time="3.614"/>
  <system-out/>
  <testcase classname="com.sgtesting.Assignments.Testng.LoginLogoutCreateModifyDeleteCustomerProject" name="login" time="6.218"/>
  <system-out/>
  <testcase classname="com.sgtesting.Assignments.Testng.LoginLogoutCreateModifyDeleteCustomerProject" name="Minimise" time="2.190"/>
  <system-out/>
  <testcase classname="com.sgtesting.Assignments.Testng.LoginLogoutCreateModifyDeleteCustomerProject" name="ClickTask" time="2.343"/>
  <system-out/>
  <testcase classname="com.sgtesting.Assignments.Testng.LoginLogoutCreateModifyDeleteCustomerProject" name="AddCustomer" time="2.082"/>
  <system-out/>
  <testcase classname="com.sgtesting.Assignments.Testng.LoginLogoutCreateModifyDeleteCustomerProject" name="fillCoustomer" time="2.186"/>
  <system-out/>
  <testcase classname="com.sgtesting.Assignments.Testng.LoginLogoutCreateModifyDeleteCustomerProject" name="Createprj" time="10.380"/>
  <system-out/>
  <testcase classname="com.sgtesting.Assignments.Testng.LoginLogoutCreateModifyDeleteCustomerProject" name="Modifyprj" time="5.575"/>
  <system-out/>
  <testcase classname="com.sgtesting.Assignments.Testng.LoginLogoutCreateModifyDeleteCustomerProject" name="DeleteCustomerandProject" time="22.117"/>
  <system-out/>
  <testcase classname="com.sgtesting.Assignments.Testng.LoginLogoutCreateModifyDeleteCustomerProject" name="logout" time="5.241"/>
  <system-out/>
  <testcase classname="com.sgtesting.Assignments.Testng.LoginLogoutCreateModifyDeleteCustomerProject" name="closeapplication" time="0.106"/>
  <system-out/>
</testsuite> <!-- com.sgtesting.Assignments.Testng.LoginLogoutCreateModifyDeleteCustomerProject -->
