<?xml version="1.0" encoding="UTF-8"?>
<!-- Generated by org.testng.reporters.JUnitReportReporter -->
<testsuite hostname="Chantosh" failures="0" tests="12" name="com.sgtesting.Assignments.Testng.p.LoginLogoutCreateModifyDeleteCustomerProjectTask" time="75.009" errors="0" timestamp="2022-04-25T00:09:30 IST" skipped="0">
  <testcase classname="com.sgtesting.Assignments.Testng.p.LoginLogoutCreateModifyDeleteCustomerProjectTask" name="LanchBrowser" time="2.603"/>
  <system-out/>
  <testcase classname="com.sgtesting.Assignments.Testng.p.LoginLogoutCreateModifyDeleteCustomerProjectTask" name="navigate" time="3.724"/>
  <system-out/>
  <testcase classname="com.sgtesting.Assignments.Testng.p.LoginLogoutCreateModifyDeleteCustomerProjectTask" name="login" time="6.225"/>
  <system-out/>
  <testcase classname="com.sgtesting.Assignments.Testng.p.LoginLogoutCreateModifyDeleteCustomerProjectTask" name="Minimise" time="2.121"/>
  <system-out/>
  <testcase classname="com.sgtesting.Assignments.Testng.p.LoginLogoutCreateModifyDeleteCustomerProjectTask" name="ClickTask" time="2.493"/>
  <system-out/>
  <testcase classname="com.sgtesting.Assignments.Testng.p.LoginLogoutCreateModifyDeleteCustomerProjectTask" name="AddCustomer" time="2.264"/>
  <system-out/>
  <testcase classname="com.sgtesting.Assignments.Testng.p.LoginLogoutCreateModifyDeleteCustomerProjectTask" name="fillCoustomer" time="2.248"/>
  <system-out/>
  <testcase classname="com.sgtesting.Assignments.Testng.p.LoginLogoutCreateModifyDeleteCustomerProjectTask" name="Createprj" time="10.488"/>
  <system-out/>
  <testcase classname="com.sgtesting.Assignments.Testng.p.LoginLogoutCreateModifyDeleteCustomerProjectTask" name="CreateTask" time="6.623"/>
  <system-out/>
  <testcase classname="com.sgtesting.Assignments.Testng.p.LoginLogoutCreateModifyDeleteCustomerProjectTask" name="DeleteCustomerandProjectTask" time="30.714"/>
  <system-out/>
  <testcase classname="com.sgtesting.Assignments.Testng.p.LoginLogoutCreateModifyDeleteCustomerProjectTask" name="logout" time="5.320"/>
  <system-out/>
  <testcase classname="com.sgtesting.Assignments.Testng.p.LoginLogoutCreateModifyDeleteCustomerProjectTask" name="closeapplication" time="0.186"/>
  <system-out/>
</testsuite> <!-- com.sgtesting.Assignments.Testng.p.LoginLogoutCreateModifyDeleteCustomerProjectTask -->
