<?xml version="1.0" encoding="UTF-8"?>
<!-- Generated by org.testng.reporters.JUnitReportReporter -->
<testsuite hostname="Chantosh" failures="0" tests="10" name="com.sgtesting.Assignments.Testng.LoginLogoutCreateDeleteUser" time="43.168" errors="0" timestamp="2022-04-24T23:36:54 IST" skipped="0">
  <testcase classname="com.sgtesting.Assignments.Testng.LoginLogoutCreateDeleteUser" name="LaunchBrowser" time="1.205"/>
  <system-out/>
  <testcase classname="com.sgtesting.Assignments.Testng.LoginLogoutCreateDeleteUser" name="Navigate" time="2.627"/>
  <system-out/>
  <testcase classname="com.sgtesting.Assignments.Testng.LoginLogoutCreateDeleteUser" name="login" time="6.149"/>
  <system-out/>
  <testcase classname="com.sgtesting.Assignments.Testng.LoginLogoutCreateDeleteUser" name="Minimise" time="2.291"/>
  <system-out/>
  <testcase classname="com.sgtesting.Assignments.Testng.LoginLogoutCreateDeleteUser" name="ClickUser" time="2.834"/>
  <system-out/>
  <testcase classname="com.sgtesting.Assignments.Testng.LoginLogoutCreateDeleteUser" name="AddUser" time="2.072"/>
  <system-out/>
  <testcase classname="com.sgtesting.Assignments.Testng.LoginLogoutCreateDeleteUser" name="fillUser" time="5.735"/>
  <system-out/>
  <testcase classname="com.sgtesting.Assignments.Testng.LoginLogoutCreateDeleteUser" name="userdelete" time="14.828"/>
  <system-out/>
  <testcase classname="com.sgtesting.Assignments.Testng.LoginLogoutCreateDeleteUser" name="logout" time="5.260"/>
  <system-out/>
  <testcase classname="com.sgtesting.Assignments.Testng.LoginLogoutCreateDeleteUser" name="closeapplication" time="0.167"/>
  <system-out/>
</testsuite> <!-- com.sgtesting.Assignments.Testng.LoginLogoutCreateDeleteUser -->
