<?xml version="1.0" encoding="UTF-8"?>
<!-- Generated by org.testng.reporters.JUnitReportReporter -->
<testsuite hostname="Chantosh" failures="0" tests="8" name="com.sgtesting.Assignments.Testng.LoginLogout" time="13.090" errors="0" timestamp="2022-04-24T12:10:09 IST" skipped="0">
  <testcase classname="com.sgtesting.Assignments.Testng.LoginLogout" name="Navigate" time="2.520"/>
  <system-out/>
  <testcase classname="com.sgtesting.Assignments.Testng.LoginLogout" name="login" time="6.143"/>
  <system-out/>
  <testcase classname="com.sgtesting.Assignments.Testng.LoginLogout" name="Minimise" time="1.146"/>
  <system-out/>
  <testcase classname="com.sgtesting.Assignments.Testng.LoginLogout" name="ClickUser" time="1.091"/>
  <system-out/>
  <testcase classname="com.sgtesting.Assignments.Testng.LoginLogout" name="AddUser" time="0.011"/>
  <system-out/>
  <testcase classname="com.sgtesting.Assignments.Testng.LoginLogout" name="fillUser" time="0.010"/>
  <system-out/>
  <testcase classname="com.sgtesting.Assignments.Testng.LoginLogout" name="userdelete" time="1.089"/>
  <system-out/>
  <testcase classname="com.sgtesting.Assignments.Testng.LoginLogout" name="logout" time="1.080"/>
  <system-out/>
</testsuite> <!-- com.sgtesting.Assignments.Testng.LoginLogout -->
