<?xml version="1.0" encoding="UTF-8"?>
<!-- Generated by org.testng.reporters.JUnitReportReporter -->
<testsuite hostname="Chantosh" failures="0" tests="11" name="com.sgtesting.Assignments.Testng.MODIFYYYY" time="49.531" errors="0" timestamp="2022-05-07T09:59:47 IST" skipped="0">
  <testcase classname="com.sgtesting.Assignments.Testng.MODIFYYYY" name="LaunchBrowser" time="2.606"/>
  <system-out/>
  <testcase classname="com.sgtesting.Assignments.Testng.MODIFYYYY" name="Navigate" time="2.688"/>
  <system-out/>
  <testcase classname="com.sgtesting.Assignments.Testng.MODIFYYYY" name="login" time="6.257"/>
  <system-out/>
  <testcase classname="com.sgtesting.Assignments.Testng.MODIFYYYY" name="Minimise" time="2.282"/>
  <system-out/>
  <testcase classname="com.sgtesting.Assignments.Testng.MODIFYYYY" name="ClickUser" time="2.481"/>
  <system-out/>
  <testcase classname="com.sgtesting.Assignments.Testng.MODIFYYYY" name="AddUser" time="2.062"/>
  <system-out/>
  <testcase classname="com.sgtesting.Assignments.Testng.MODIFYYYY" name="fillUser" time="5.784"/>
  <system-out/>
  <testcase classname="com.sgtesting.Assignments.Testng.MODIFYYYY" name="userdelete" time="14.915"/>
  <system-out/>
  <testcase classname="com.sgtesting.Assignments.Testng.MODIFYYYY" name="modifyuser" time="5.008"/>
  <system-out/>
  <testcase classname="com.sgtesting.Assignments.Testng.MODIFYYYY" name="logout" time="5.263"/>
  <system-out/>
  <testcase classname="com.sgtesting.Assignments.Testng.MODIFYYYY" name="closeapplication" time="0.185"/>
  <system-out/>
</testsuite> <!-- com.sgtesting.Assignments.Testng.MODIFYYYY -->
