<?xml version="1.0" encoding="UTF-8"?>
<!-- Generated by org.testng.reporters.JUnitReportReporter -->
<testsuite hostname="Chantosh" failures="0" tests="11" name="com.sgtesting.Assignments.Testng.p.LoginLogoutCreateCustomer" time="72.336" errors="0" timestamp="2022-04-29T11:32:56 IST" skipped="0">
  <testcase classname="com.sgtesting.Assignments.Testng.p.LoginLogoutCreateCustomer" name="LanchBrowser" time="2.325"/>
  <system-out/>
  <testcase classname="com.sgtesting.Assignments.Testng.p.LoginLogoutCreateCustomer" name="navigate" time="3.604"/>
  <system-out/>
  <testcase classname="com.sgtesting.Assignments.Testng.p.LoginLogoutCreateCustomer" name="login" time="6.238"/>
  <system-out/>
  <testcase classname="com.sgtesting.Assignments.Testng.p.LoginLogoutCreateCustomer" name="Minimise" time="2.215"/>
  <system-out/>
  <testcase classname="com.sgtesting.Assignments.Testng.p.LoginLogoutCreateCustomer" name="ClickTask" time="2.404"/>
  <system-out/>
  <testcase classname="com.sgtesting.Assignments.Testng.p.LoginLogoutCreateCustomer" name="AddCustomer" time="4.286"/>
  <system-out/>
  <testcase classname="com.sgtesting.Assignments.Testng.p.LoginLogoutCreateCustomer" name="AddCustomer" time="4.461"/>
  <system-out/>
  <testcase classname="com.sgtesting.Assignments.Testng.p.LoginLogoutCreateCustomer" name="Costmer1" time="18.065"/>
  <system-out/>
  <testcase classname="com.sgtesting.Assignments.Testng.p.LoginLogoutCreateCustomer" name="Costmer" time="16.409"/>
  <system-out/>
  <testcase classname="com.sgtesting.Assignments.Testng.p.LoginLogoutCreateCustomer" name="logout" time="12.199"/>
  <system-out/>
  <testcase classname="com.sgtesting.Assignments.Testng.p.LoginLogoutCreateCustomer" name="closeapplication" time="0.130"/>
  <system-out/>
</testsuite> <!-- com.sgtesting.Assignments.Testng.p.LoginLogoutCreateCustomer -->
