<?xml version="1.0" encoding="UTF-8"?>
<!-- Generated by org.testng.reporters.JUnitReportReporter -->
<testsuite hostname="Chantosh" failures="0" tests="11" name="com.sgtesting.Assignments.Testng.LoginLogoutCreateModifeyDeleteUser" time="59.846" errors="0" timestamp="2022-04-24T23:36:54 IST" skipped="0">
  <testcase classname="com.sgtesting.Assignments.Testng.LoginLogoutCreateModifeyDeleteUser" name="LanchBrowser" time="1.148"/>
  <system-out/>
  <testcase classname="com.sgtesting.Assignments.Testng.LoginLogoutCreateModifeyDeleteUser" name="navigate" time="3.685"/>
  <system-out/>
  <testcase classname="com.sgtesting.Assignments.Testng.LoginLogoutCreateModifeyDeleteUser" name="login" time="6.212"/>
  <system-out/>
  <testcase classname="com.sgtesting.Assignments.Testng.LoginLogoutCreateModifeyDeleteUser" name="Minimise" time="2.184"/>
  <system-out/>
  <testcase classname="com.sgtesting.Assignments.Testng.LoginLogoutCreateModifeyDeleteUser" name="ClickUser" time="2.498"/>
  <system-out/>
  <testcase classname="com.sgtesting.Assignments.Testng.LoginLogoutCreateModifeyDeleteUser" name="AddUser" time="2.152"/>
  <system-out/>
  <testcase classname="com.sgtesting.Assignments.Testng.LoginLogoutCreateModifeyDeleteUser" name="fillUser" time="5.724"/>
  <system-out/>
  <testcase classname="com.sgtesting.Assignments.Testng.LoginLogoutCreateModifeyDeleteUser" name="userModify" time="16.131"/>
  <system-out/>
  <testcase classname="com.sgtesting.Assignments.Testng.LoginLogoutCreateModifeyDeleteUser" name="userdelete" time="14.811"/>
  <system-out/>
  <testcase classname="com.sgtesting.Assignments.Testng.LoginLogoutCreateModifeyDeleteUser" name="logout" time="5.163"/>
  <system-out/>
  <testcase classname="com.sgtesting.Assignments.Testng.LoginLogoutCreateModifeyDeleteUser" name="closeapplication" time="0.138"/>
  <system-out/>
</testsuite> <!-- com.sgtesting.Assignments.Testng.LoginLogoutCreateModifeyDeleteUser -->
